<?xml version="1.0" encoding="UTF-8" ?>
<testsuite tests="28" failures="0" name="DataframeTest" time="0.085" errors="0" skipped="0">
  <properties>
    <property name="jansi.mode" value="strip"/>
    <property name="java.runtime.name" value="OpenJDK Runtime Environment"/>
    <property name="java.vm.version" value="11.0.14.1+1"/>
    <property name="sun.boot.library.path" value="/usr/lib/jvm/temurin-11-jdk-amd64/lib"/>
    <property name="maven.multiModuleProjectDirectory" value="/home/runner/work/DevOps_Projet/DevOps_Projet/dataframe"/>
    <property name="java.vm.vendor" value="Eclipse Adoptium"/>
    <property name="java.vendor.url" value="https://adoptium.net/"/>
    <property name="guice.disable.misplaced.annotation.check" value="true"/>
    <property name="path.separator" value=":"/>
    <property name="java.vm.name" value="OpenJDK 64-Bit Server VM"/>
    <property name="sun.os.patch.level" value="unknown"/>
    <property name="sun.java.launcher" value="SUN_STANDARD"/>
    <property name="java.vm.specification.name" value="Java Virtual Machine Specification"/>
    <property name="user.dir" value="/home/runner/work/DevOps_Projet/DevOps_Projet"/>
    <property name="java.vm.compressedOopsMode" value="32-bit"/>
    <property name="java.runtime.version" value="11.0.14.1+1"/>
    <property name="java.awt.graphicsenv" value="sun.awt.X11GraphicsEnvironment"/>
    <property name="os.arch" value="amd64"/>
    <property name="java.io.tmpdir" value="/tmp"/>
    <property name="line.separator" value="
"/>
    <property name="java.vm.specification.vendor" value="Oracle Corporation"/>
    <property name="os.name" value="Linux"/>
    <property name="classworlds.conf" value="/usr/share/apache-maven-3.8.5/bin/m2.conf"/>
    <property name="sun.jnu.encoding" value="UTF-8"/>
    <property name="java.library.path" value="/usr/java/packages/lib:/usr/lib64:/lib64:/lib:/usr/lib"/>
    <property name="maven.conf" value="/usr/share/apache-maven-3.8.5/conf"/>
    <property name="jdk.debug" value="release"/>
    <property name="java.class.version" value="55.0"/>
    <property name="java.specification.name" value="Java Platform API Specification"/>
    <property name="sun.management.compiler" value="HotSpot 64-Bit Tiered Compilers"/>
    <property name="os.version" value="5.13.0-1021-azure"/>
    <property name="library.jansi.path" value="/usr/share/apache-maven-3.8.5/lib/jansi-native"/>
    <property name="user.home" value="/home/runner"/>
    <property name="user.timezone" value="Etc/UTC"/>
    <property name="java.awt.printerjob" value="sun.print.PSPrinterJob"/>
    <property name="file.encoding" value="UTF-8"/>
    <property name="java.specification.version" value="11"/>
    <property name="user.name" value="runner"/>
    <property name="java.class.path" value="/usr/share/apache-maven-3.8.5/boot/plexus-classworlds-2.6.0.jar"/>
    <property name="java.vm.specification.version" value="11"/>
    <property name="sun.arch.data.model" value="64"/>
    <property name="sun.java.command" value="org.codehaus.plexus.classworlds.launcher.Launcher -B package --file dataframe/pom.xml"/>
    <property name="java.home" value="/usr/lib/jvm/temurin-11-jdk-amd64"/>
    <property name="user.language" value="en"/>
    <property name="java.specification.vendor" value="Oracle Corporation"/>
    <property name="awt.toolkit" value="sun.awt.X11.XToolkit"/>
    <property name="java.vm.info" value="mixed mode"/>
    <property name="java.version" value="11.0.14.1"/>
    <property name="java.vendor" value="Eclipse Adoptium"/>
    <property name="maven.home" value="/usr/share/apache-maven-3.8.5"/>
    <property name="file.separator" value="/"/>
    <property name="java.version.date" value="2022-02-08"/>
    <property name="java.vendor.url.bug" value="https://github.com/adoptium/adoptium-support/issues"/>
    <property name="sun.io.unicode.encoding" value="UnicodeLittle"/>
    <property name="sun.cpu.endian" value="little"/>
    <property name="java.vendor.version" value="Temurin-11.0.14.1+1"/>
    <property name="sun.cpu.isalist" value=""/>
  </properties>
  <testcase classname="DataframeTest" name="DataframeTest.testnbdecolonnes" time="0.054"/>
  <testcase classname="DataframeTest" name="DataframeTest.testErrorDimensionLignes" time="0.005"/>
  <testcase classname="DataframeTest" name="DataframeTest.testErrorDimensionLignesCSV" time="0.004"/>
  <testcase classname="DataframeTest" name="DataframeTest.testnbdelignes0CSV" time="0"/>
  <testcase classname="DataframeTest" name="DataframeTest.testnbdecolonnes0" time="0.001"/>
  <testcase classname="DataframeTest" name="DataframeTest.testnbdelignes" time="0"/>
  <testcase classname="DataframeTest" name="DataframeTest.testSelectionColonnesNonValide" time="0.001"/>
  <testcase classname="DataframeTest" name="DataframeTest.testmoyenneDouble" time="0.005"/>
  <testcase classname="DataframeTest" name="DataframeTest.testmoyenneString" time="0"/>
  <testcase classname="DataframeTest" name="DataframeTest.testsomme" time="0.001"/>
  <testcase classname="DataframeTest" name="DataframeTest.testsommeDouble" time="0"/>
  <testcase classname="DataframeTest" name="DataframeTest.testsommeString" time="0.001"/>
  <testcase classname="DataframeTest" name="DataframeTest.testmin" time="0"/>
  <testcase classname="DataframeTest" name="DataframeTest.testminDouble" time="0.001"/>
  <testcase classname="DataframeTest" name="DataframeTest.testminString" time="0.001"/>
  <testcase classname="DataframeTest" name="DataframeTest.testmax" time="0.001"/>
  <testcase classname="DataframeTest" name="DataframeTest.testmaxDouble" time="0"/>
  <testcase classname="DataframeTest" name="DataframeTest.testmaxString" time="0.001"/>
  <testcase classname="DataframeTest" name="DataframeTest.testnbdelignes0" time="0"/>
  <testcase classname="DataframeTest" name="DataframeTest.testErrorDimensionColonneCSV" time="0.001"/>
  <testcase classname="DataframeTest" name="DataframeTest.testErrorDimensionColonne" time="0.001"/>
  <testcase classname="DataframeTest" name="DataframeTest.testSelectionlignes" time="0"/>
  <testcase classname="DataframeTest" name="DataframeTest.testnbdecolonnesCSV" time="0"/>
  <testcase classname="DataframeTest" name="DataframeTest.testSelectionErrorIndex1" time="0.001"/>
  <testcase classname="DataframeTest" name="DataframeTest.testSelectionErrorIndex2" time="0.001"/>
  <testcase classname="DataframeTest" name="DataframeTest.testmoyenne" time="0"/>
  <testcase classname="DataframeTest" name="DataframeTest.testIOException" time="0.005"/>
  <testcase classname="DataframeTest" name="DataframeTest.testSelectionColonnes" time="0"/>
</testsuite>